c:\users\admin\desktop\source\deadcells-cheat\imgui directx 11 kiero hook\debug\vc141.pdb
c:\users\admin\desktop\source\deadcells-cheat\imgui directx 11 kiero hook\debug\vc141.idb
c:\users\admin\desktop\source\deadcells-cheat\imgui directx 11 kiero hook\debug\mem.obj
c:\users\admin\desktop\source\deadcells-cheat\imgui directx 11 kiero hook\debug\main.obj
c:\users\admin\desktop\source\deadcells-cheat\imgui directx 11 kiero hook\debug\kiero.obj
c:\users\admin\desktop\source\deadcells-cheat\imgui directx 11 kiero hook\debug\imgui_widgets.obj
c:\users\admin\desktop\source\deadcells-cheat\imgui directx 11 kiero hook\debug\imgui_impl_win32.obj
c:\users\admin\desktop\source\deadcells-cheat\imgui directx 11 kiero hook\debug\imgui_impl_dx11.obj
c:\users\admin\desktop\source\deadcells-cheat\imgui directx 11 kiero hook\debug\imgui_draw.obj
c:\users\admin\desktop\source\deadcells-cheat\imgui directx 11 kiero hook\debug\imgui_demo.obj
c:\users\admin\desktop\source\deadcells-cheat\imgui directx 11 kiero hook\debug\imgui.obj
c:\users\admin\desktop\source\deadcells-cheat\imgui directx 11 kiero hook\debug\trampoline.obj
c:\users\admin\desktop\source\deadcells-cheat\imgui directx 11 kiero hook\debug\hook.obj
c:\users\admin\desktop\source\deadcells-cheat\imgui directx 11 kiero hook\debug\hde64.obj
c:\users\admin\desktop\source\deadcells-cheat\imgui directx 11 kiero hook\debug\hde32.obj
c:\users\admin\desktop\source\deadcells-cheat\imgui directx 11 kiero hook\debug\buffer.obj
c:\users\admin\desktop\source\deadcells-cheat\debug\dead cells cheat.dll
c:\users\admin\desktop\source\deadcells-cheat\debug\dead cells cheat.ilk
c:\users\admin\desktop\source\deadcells-cheat\debug\dead cells cheat.pdb
c:\users\admin\desktop\source\deadcells-cheat\imgui directx 11 kiero hook\debug\minhook.res
c:\users\admin\desktop\source\github\deadcells-cheat\imgui directx 11 kiero hook\debug\buffer.obj
c:\users\admin\desktop\source\github\deadcells-cheat\imgui directx 11 kiero hook\debug\hde32.obj
c:\users\admin\desktop\source\github\deadcells-cheat\imgui directx 11 kiero hook\debug\hde64.obj
c:\users\admin\desktop\source\github\deadcells-cheat\imgui directx 11 kiero hook\debug\hook.obj
c:\users\admin\desktop\source\github\deadcells-cheat\imgui directx 11 kiero hook\debug\imgui.obj
c:\users\admin\desktop\source\github\deadcells-cheat\imgui directx 11 kiero hook\debug\imgui_demo.obj
c:\users\admin\desktop\source\github\deadcells-cheat\imgui directx 11 kiero hook\debug\imgui_draw.obj
c:\users\admin\desktop\source\github\deadcells-cheat\imgui directx 11 kiero hook\debug\imgui_impl_dx11.obj
c:\users\admin\desktop\source\github\deadcells-cheat\imgui directx 11 kiero hook\debug\imgui_impl_win32.obj
c:\users\admin\desktop\source\github\deadcells-cheat\imgui directx 11 kiero hook\debug\imgui_widgets.obj
c:\users\admin\desktop\source\github\deadcells-cheat\imgui directx 11 kiero hook\debug\kiero.obj
c:\users\admin\desktop\source\github\deadcells-cheat\imgui directx 11 kiero hook\debug\main.obj
c:\users\admin\desktop\source\github\deadcells-cheat\imgui directx 11 kiero hook\debug\mem.obj
c:\users\admin\desktop\source\github\deadcells-cheat\imgui directx 11 kiero hook\debug\trampoline.obj
c:\users\admin\desktop\source\github\deadcells-cheat\imgui directx 11 kiero hook\debug\minhook.res
c:\users\admin\desktop\source\github\deadcells-cheat\imgui directx 11 kiero hook\debug\vc141.idb
c:\users\admin\desktop\source\github\deadcells-cheat\imgui directx 11 kiero hook\debug\vc141.pdb
c:\users\admin\desktop\source\github\deadcells-cheat\imgui directx 11 kiero hook\debug\dead cells cheat.tlog\cl.command.1.tlog
c:\users\admin\desktop\source\github\deadcells-cheat\imgui directx 11 kiero hook\debug\dead cells cheat.tlog\cl.read.1.tlog
c:\users\admin\desktop\source\github\deadcells-cheat\imgui directx 11 kiero hook\debug\dead cells cheat.tlog\cl.write.1.tlog
c:\users\admin\desktop\source\github\deadcells-cheat\imgui directx 11 kiero hook\debug\dead cells cheat.tlog\link.command.1.tlog
c:\users\admin\desktop\source\github\deadcells-cheat\imgui directx 11 kiero hook\debug\dead cells cheat.tlog\link.read.1.tlog
c:\users\admin\desktop\source\github\deadcells-cheat\imgui directx 11 kiero hook\debug\dead cells cheat.tlog\link.write.1.tlog
c:\users\admin\desktop\source\github\deadcells-cheat\imgui directx 11 kiero hook\debug\dead cells cheat.tlog\rc.command.1.tlog
c:\users\admin\desktop\source\github\deadcells-cheat\imgui directx 11 kiero hook\debug\dead cells cheat.tlog\rc.read.1.tlog
c:\users\admin\desktop\source\github\deadcells-cheat\imgui directx 11 kiero hook\debug\dead cells cheat.tlog\rc.write.1.tlog
